<?xml version="1.0" encoding="UTF-8"?>
<!-- Generated by org.testng.reporters.JUnitXMLReporter -->
<testsuite hostname="preetis-MacBook-Pro.local" name="Default test" tests="7" failures="0" timestamp="21 Sep 2018 12:17:13 GMT" time="5.967" errors="0">
  <testcase name="openPage" time="0.624" classname="com.supportSearch.support_search.SupportSearchTest"/>
  <testcase name="searchPage" time="0.192" classname="com.supportSearch.support_search.SupportSearchTest"/>
  <testcase name="filter" time="0.329" classname="com.supportSearch.support_search.SupportSearchTest"/>
  <testcase name="supportArticle" time="0.108" classname="com.supportSearch.support_search.SupportSearchTest"/>
  <testcase name="iphoneBatteryText" time="0.252" classname="com.supportSearch.support_search.SupportSearchTest"/>
  <testcase name="clickYesBtn" time="3.057" classname="com.supportSearch.support_search.SupportSearchTest"/>
  <testcase name="thankYouText" time="0.054" classname="com.supportSearch.support_search.SupportSearchTest"/>
</testsuite> <!-- Default test -->
