<?xml version="1.0" encoding="UTF-8"?>
<!-- Generated by org.testng.reporters.JUnitXMLReporter -->
<testsuite hostname="preetis-MacBook-Pro.local" name="Command line test" tests="7" failures="0" timestamp="21 Sep 2018 11:02:05 GMT" time="6.394" errors="0">
  <testcase name="openPage" time="0.741" classname="com.supportSearch.support_search.SupportSearchTest"/>
  <testcase name="search" time="0.194" classname="com.supportSearch.support_search.SupportSearchTest"/>
  <testcase name="filter" time="0.325" classname="com.supportSearch.support_search.SupportSearchTest"/>
  <testcase name="supportArticle" time="0.069" classname="com.supportSearch.support_search.SupportSearchTest"/>
  <testcase name="iphoneBatteryText" time="0.142" classname="com.supportSearch.support_search.SupportSearchTest"/>
  <testcase name="clickYesBtn" time="3.323" classname="com.supportSearch.support_search.SupportSearchTest"/>
  <testcase name="thankYouText" time="0.047" classname="com.supportSearch.support_search.SupportSearchTest"/>
</testsuite> <!-- Command line test -->
