<?xml version="1.0" encoding="UTF-8"?>
<!-- Generated by org.testng.reporters.JUnitXMLReporter -->
<testsuite hostname="preetis-MacBook-Pro.local" name="Command line test" tests="14" failures="0" timestamp="21 Sep 2018 12:17:53 GMT" time="8.087" errors="0">
  <testcase name="openPage" time="1.157" classname="com.supportSearch.support_searchWithoutPageObject.SupportSearchTest"/>
  <testcase name="search" time="0.376" classname="com.supportSearch.support_searchWithoutPageObject.SupportSearchTest"/>
  <testcase name="filter" time="0.402" classname="com.supportSearch.support_searchWithoutPageObject.SupportSearchTest"/>
  <testcase name="supportArticle" time="0.063" classname="com.supportSearch.support_searchWithoutPageObject.SupportSearchTest"/>
  <testcase name="iphoneBatteryText" time="0.041" classname="com.supportSearch.support_searchWithoutPageObject.SupportSearchTest"/>
  <testcase name="openPage" time="0.777" classname="com.supportSearch.support_search.SupportSearchTest"/>
  <testcase name="searchPage" time="0.63" classname="com.supportSearch.support_search.SupportSearchTest"/>
  <testcase name="filter" time="0.448" classname="com.supportSearch.support_search.SupportSearchTest"/>
  <testcase name="supportArticle" time="0.131" classname="com.supportSearch.support_search.SupportSearchTest"/>
  <testcase name="iphoneBatteryText" time="0.228" classname="com.supportSearch.support_search.SupportSearchTest"/>
  <testcase name="clickYesBtn" time="3.2" classname="com.supportSearch.support_searchWithoutPageObject.SupportSearchTest"/>
  <testcase name="thankYouText" time="0.058" classname="com.supportSearch.support_searchWithoutPageObject.SupportSearchTest"/>
  <testcase name="clickYesBtn" time="3.047" classname="com.supportSearch.support_search.SupportSearchTest"/>
  <testcase name="thankYouText" time="0.049" classname="com.supportSearch.support_search.SupportSearchTest"/>
</testsuite> <!-- Command line test -->
