<?xml version="1.0" encoding="UTF-8"?>
<testng-results skipped="0" failed="0" total="14" passed="14">
  <reporter-output>
  </reporter-output>
  <suite name="Command line suite" duration-ms="8087" started-at="2018-09-21T12:17:45Z" finished-at="2018-09-21T12:17:53Z">
    <groups>
    </groups>
    <test name="Command line test" duration-ms="8087" started-at="2018-09-21T12:17:45Z" finished-at="2018-09-21T12:17:53Z">
      <class name="com.supportSearch.support_search.SupportSearchTest">
        <test-method status="PASS" signature="setUp()[pri:0, instance:com.supportSearch.support_search.SupportSearchTest@2d554825]" name="setUp" is-config="true" duration-ms="1403" started-at="2018-09-21T05:17:46Z" finished-at="2018-09-21T05:17:47Z">
          <reporter-output>
          </reporter-output>
        </test-method> <!-- setUp -->
        <test-method status="PASS" signature="openPage()[pri:1, instance:com.supportSearch.support_search.SupportSearchTest@2d554825]" name="openPage" duration-ms="777" started-at="2018-09-21T05:17:47Z" finished-at="2018-09-21T05:17:48Z">
          <reporter-output>
          </reporter-output>
        </test-method> <!-- openPage -->
        <test-method status="PASS" signature="searchPage()[pri:2, instance:com.supportSearch.support_search.SupportSearchTest@2d554825]" name="searchPage" duration-ms="630" started-at="2018-09-21T05:17:48Z" finished-at="2018-09-21T05:17:49Z">
          <reporter-output>
          </reporter-output>
        </test-method> <!-- searchPage -->
        <test-method status="PASS" signature="filter()[pri:3, instance:com.supportSearch.support_search.SupportSearchTest@2d554825]" name="filter" duration-ms="448" started-at="2018-09-21T05:17:49Z" finished-at="2018-09-21T05:17:49Z">
          <reporter-output>
          </reporter-output>
        </test-method> <!-- filter -->
        <test-method status="PASS" signature="supportArticle()[pri:4, instance:com.supportSearch.support_search.SupportSearchTest@2d554825]" name="supportArticle" duration-ms="131" started-at="2018-09-21T05:17:49Z" finished-at="2018-09-21T05:17:49Z">
          <reporter-output>
          </reporter-output>
        </test-method> <!-- supportArticle -->
        <test-method status="PASS" signature="iphoneBatteryText()[pri:5, instance:com.supportSearch.support_search.SupportSearchTest@2d554825]" name="iphoneBatteryText" duration-ms="228" started-at="2018-09-21T05:17:49Z" finished-at="2018-09-21T05:17:50Z">
          <reporter-output>
          </reporter-output>
        </test-method> <!-- iphoneBatteryText -->
        <test-method status="PASS" signature="clickYesBtn()[pri:6, instance:com.supportSearch.support_search.SupportSearchTest@2d554825]" name="clickYesBtn" duration-ms="3047" started-at="2018-09-21T05:17:50Z" finished-at="2018-09-21T05:17:53Z">
          <reporter-output>
          </reporter-output>
        </test-method> <!-- clickYesBtn -->
        <test-method status="PASS" signature="thankYouText()[pri:7, instance:com.supportSearch.support_search.SupportSearchTest@2d554825]" name="thankYouText" duration-ms="49" started-at="2018-09-21T05:17:53Z" finished-at="2018-09-21T05:17:53Z">
          <reporter-output>
          </reporter-output>
        </test-method> <!-- thankYouText -->
        <test-method status="PASS" signature="tearDown()[pri:0, instance:com.supportSearch.support_search.SupportSearchTest@2d554825]" name="tearDown" is-config="true" duration-ms="11" started-at="2018-09-21T05:17:53Z" finished-at="2018-09-21T05:17:53Z">
          <reporter-output>
          </reporter-output>
        </test-method> <!-- tearDown -->
      </class> <!-- com.supportSearch.support_search.SupportSearchTest -->
      <class name="com.supportSearch.support_searchWithoutPageObject.SupportSearchTest">
        <test-method status="PASS" signature="beforeTest()[pri:0, instance:com.supportSearch.support_searchWithoutPageObject.SupportSearchTest@77b52d12]" name="beforeTest" is-config="true" duration-ms="1326" started-at="2018-09-21T05:17:45Z" finished-at="2018-09-21T05:17:46Z">
          <reporter-output>
          </reporter-output>
        </test-method> <!-- beforeTest -->
        <test-method status="PASS" signature="openPage()[pri:1, instance:com.supportSearch.support_searchWithoutPageObject.SupportSearchTest@77b52d12]" name="openPage" duration-ms="1157" started-at="2018-09-21T05:17:46Z" finished-at="2018-09-21T05:17:47Z">
          <reporter-output>
          </reporter-output>
        </test-method> <!-- openPage -->
        <test-method status="PASS" signature="search()[pri:2, instance:com.supportSearch.support_searchWithoutPageObject.SupportSearchTest@77b52d12]" name="search" duration-ms="376" started-at="2018-09-21T05:17:47Z" finished-at="2018-09-21T05:17:48Z">
          <reporter-output>
          </reporter-output>
        </test-method> <!-- search -->
        <test-method status="PASS" signature="filter()[pri:3, instance:com.supportSearch.support_searchWithoutPageObject.SupportSearchTest@77b52d12]" name="filter" duration-ms="402" started-at="2018-09-21T05:17:48Z" finished-at="2018-09-21T05:17:48Z">
          <reporter-output>
          </reporter-output>
        </test-method> <!-- filter -->
        <test-method status="PASS" signature="supportArticle()[pri:4, instance:com.supportSearch.support_searchWithoutPageObject.SupportSearchTest@77b52d12]" name="supportArticle" duration-ms="63" started-at="2018-09-21T05:17:48Z" finished-at="2018-09-21T05:17:48Z">
          <reporter-output>
          </reporter-output>
        </test-method> <!-- supportArticle -->
        <test-method status="PASS" signature="iphoneBatteryText()[pri:5, instance:com.supportSearch.support_searchWithoutPageObject.SupportSearchTest@77b52d12]" name="iphoneBatteryText" duration-ms="41" started-at="2018-09-21T05:17:48Z" finished-at="2018-09-21T05:17:48Z">
          <reporter-output>
          </reporter-output>
        </test-method> <!-- iphoneBatteryText -->
        <test-method status="PASS" signature="clickYesBtn()[pri:6, instance:com.supportSearch.support_searchWithoutPageObject.SupportSearchTest@77b52d12]" name="clickYesBtn" duration-ms="3200" started-at="2018-09-21T05:17:48Z" finished-at="2018-09-21T05:17:51Z">
          <reporter-output>
          </reporter-output>
        </test-method> <!-- clickYesBtn -->
        <test-method status="PASS" signature="thankYouText()[pri:7, instance:com.supportSearch.support_searchWithoutPageObject.SupportSearchTest@77b52d12]" name="thankYouText" duration-ms="58" started-at="2018-09-21T05:17:51Z" finished-at="2018-09-21T05:17:51Z">
          <reporter-output>
          </reporter-output>
        </test-method> <!-- thankYouText -->
        <test-method status="PASS" signature="afterTest()[pri:0, instance:com.supportSearch.support_searchWithoutPageObject.SupportSearchTest@77b52d12]" name="afterTest" is-config="true" duration-ms="25" started-at="2018-09-21T05:17:53Z" finished-at="2018-09-21T05:17:53Z">
          <reporter-output>
          </reporter-output>
        </test-method> <!-- afterTest -->
      </class> <!-- com.supportSearch.support_searchWithoutPageObject.SupportSearchTest -->
    </test> <!-- Command line test -->
  </suite> <!-- Command line suite -->
</testng-results>
