<?xml version="1.0" encoding="UTF-8"?>
<testng-results skipped="0" failed="0" total="7" passed="7">
  <reporter-output>
  </reporter-output>
  <suite name="Default suite" duration-ms="5967" started-at="2018-09-21T12:17:07Z" finished-at="2018-09-21T12:17:13Z">
    <groups>
    </groups>
    <test name="Default test" duration-ms="5967" started-at="2018-09-21T12:17:07Z" finished-at="2018-09-21T12:17:13Z">
      <class name="com.supportSearch.support_search.SupportSearchTest">
        <test-method status="PASS" signature="setUp()[pri:0, instance:com.supportSearch.support_search.SupportSearchTest@77caeb3e]" name="setUp" is-config="true" duration-ms="1315" started-at="2018-09-21T05:17:07Z" finished-at="2018-09-21T05:17:08Z">
          <reporter-output>
          </reporter-output>
        </test-method> <!-- setUp -->
        <test-method status="PASS" signature="openPage()[pri:1, instance:com.supportSearch.support_search.SupportSearchTest@77caeb3e]" name="openPage" duration-ms="624" started-at="2018-09-21T05:17:08Z" finished-at="2018-09-21T05:17:09Z">
          <reporter-output>
          </reporter-output>
        </test-method> <!-- openPage -->
        <test-method status="PASS" signature="searchPage()[pri:2, instance:com.supportSearch.support_search.SupportSearchTest@77caeb3e]" name="searchPage" duration-ms="192" started-at="2018-09-21T05:17:09Z" finished-at="2018-09-21T05:17:09Z">
          <reporter-output>
          </reporter-output>
        </test-method> <!-- searchPage -->
        <test-method status="PASS" signature="filter()[pri:3, instance:com.supportSearch.support_search.SupportSearchTest@77caeb3e]" name="filter" duration-ms="329" started-at="2018-09-21T05:17:09Z" finished-at="2018-09-21T05:17:09Z">
          <reporter-output>
          </reporter-output>
        </test-method> <!-- filter -->
        <test-method status="PASS" signature="supportArticle()[pri:4, instance:com.supportSearch.support_search.SupportSearchTest@77caeb3e]" name="supportArticle" duration-ms="108" started-at="2018-09-21T05:17:09Z" finished-at="2018-09-21T05:17:10Z">
          <reporter-output>
          </reporter-output>
        </test-method> <!-- supportArticle -->
        <test-method status="PASS" signature="iphoneBatteryText()[pri:5, instance:com.supportSearch.support_search.SupportSearchTest@77caeb3e]" name="iphoneBatteryText" duration-ms="252" started-at="2018-09-21T05:17:10Z" finished-at="2018-09-21T05:17:10Z">
          <reporter-output>
          </reporter-output>
        </test-method> <!-- iphoneBatteryText -->
        <test-method status="PASS" signature="clickYesBtn()[pri:6, instance:com.supportSearch.support_search.SupportSearchTest@77caeb3e]" name="clickYesBtn" duration-ms="3057" started-at="2018-09-21T05:17:10Z" finished-at="2018-09-21T05:17:13Z">
          <reporter-output>
          </reporter-output>
        </test-method> <!-- clickYesBtn -->
        <test-method status="PASS" signature="thankYouText()[pri:7, instance:com.supportSearch.support_search.SupportSearchTest@77caeb3e]" name="thankYouText" duration-ms="54" started-at="2018-09-21T05:17:13Z" finished-at="2018-09-21T05:17:13Z">
          <reporter-output>
          </reporter-output>
        </test-method> <!-- thankYouText -->
        <test-method status="PASS" signature="tearDown()[pri:0, instance:com.supportSearch.support_search.SupportSearchTest@77caeb3e]" name="tearDown" is-config="true" duration-ms="14" started-at="2018-09-21T05:17:13Z" finished-at="2018-09-21T05:17:13Z">
          <reporter-output>
          </reporter-output>
        </test-method> <!-- tearDown -->
      </class> <!-- com.supportSearch.support_search.SupportSearchTest -->
    </test> <!-- Default test -->
  </suite> <!-- Default suite -->
</testng-results>
